<?xml version="1.0" encoding="UTF-8"?>
<!-- Generated by org.testng.reporters.JUnitReportReporter -->
<testsuite skipped="0" hostname="charan" name="dataprovider_package.DataProvider_Class" tests="3" failures="0" timestamp="2019-11-22T06:17:02 IST" time="0.890" errors="0">
  <testcase name="FB_login" time="0.277" classname="dataprovider_package.DataProvider_Class"/>
  <testcase name="FB_login" time="0.281" classname="dataprovider_package.DataProvider_Class"/>
  <testcase name="FB_login" time="0.332" classname="dataprovider_package.DataProvider_Class"/>
</testsuite> <!-- dataprovider_package.DataProvider_Class -->
