<?xml version="1.0" encoding="UTF-8"?>
<!-- Generated by org.testng.reporters.JUnitReportReporter -->
<testsuite skipped="0" hostname="charan" name="parameter_package.Parameter_Class" tests="2" failures="0" timestamp="2019-11-22T06:07:48 IST" time="16.950" errors="0">
  <testcase name="Application" time="16.600" classname="parameter_package.Parameter_Class"/>
  <testcase name="FB_login" time="0.350" classname="parameter_package.Parameter_Class"/>
</testsuite> <!-- parameter_package.Parameter_Class -->
