<?xml version="1.0" encoding="UTF-8"?>
<!-- Generated by org.testng.reporters.JUnitReportReporter -->
<testsuite skipped="3" hostname="charan" name="testng_package.Test_testng_class" tests="6" failures="0" timestamp="2019-11-22T05:51:38 IST" time="0.013" errors="0">
  <testcase name="al" time="0.002" classname="testng_package.Test_testng_class"/>
  <testcase name="aa" time="0.005" classname="testng_package.Test_testng_class"/>
  <testcase name="au" time="0.006" classname="testng_package.Test_testng_class"/>
  <testcase name="ax" classname="testng_package.Test_testng_class">
    <skipped/>
  </testcase> <!-- ax -->
  <testcase name="ab" classname="testng_package.Test_testng_class">
    <skipped/>
  </testcase> <!-- ab -->
  <testcase name="az" classname="testng_package.Test_testng_class">
    <skipped/>
  </testcase> <!-- az -->
</testsuite> <!-- testng_package.Test_testng_class -->
