<?xml version="1.0" encoding="UTF-8"?>
<!-- Generated by org.testng.reporters.JUnitReportReporter -->
<testsuite skipped="1" hostname="charan" name="testng_package.Test_testng" tests="3" failures="0" timestamp="2019-11-22T05:51:38 IST" time="14.445" errors="0">
  <testcase name="FB_Application" time="12.844" classname="testng_package.Test_testng"/>
  <testcase name="FB_Dropdown" time="1.601" classname="testng_package.Test_testng"/>
  <testcase name="FB_Textbox" classname="testng_package.Test_testng">
    <skipped/>
  </testcase> <!-- FB_Textbox -->
</testsuite> <!-- testng_package.Test_testng -->
