<?xml version="1.0" encoding="UTF-8"?>
<!-- Generated by org.testng.reporters.JUnitReportReporter -->
<testsuite skipped="0" hostname="charan" name="testng_package.Sample_Testng_Class" tests="3" failures="0" timestamp="2019-11-22T05:51:38 IST" time="0.016" errors="0">
  <testcase name="f" time="0.011" classname="testng_package.Sample_Testng_Class"/>
  <testcase name="test1" time="0.003" classname="testng_package.Sample_Testng_Class"/>
  <testcase name="test" time="0.002" classname="testng_package.Sample_Testng_Class"/>
</testsuite> <!-- testng_package.Sample_Testng_Class -->
