<?xml version="1.0" encoding="UTF-8"?>
<!-- Generated by org.testng.reporters.JUnitReportReporter -->
<testsuite skipped="0" hostname="charan" name="modular_package.Modular_testable_class" tests="2" failures="0" timestamp="2019-11-26T06:18:28 IST" time="19.030" errors="0">
  <testcase name="Application" time="16.245" classname="modular_package.Modular_testable_class"/>
  <testcase name="HDFC_cards" time="2.785" classname="modular_package.Modular_testable_class"/>
</testsuite> <!-- modular_package.Modular_testable_class -->
